
***************

Test: tests/api/negative/test_get_user_not_found_v1.py::test_user_not_found_v1[200] (call)
Time: 2023-09-27 19:58:58.359390
Request method: GET
Request URL: https://reqres.in/api/users/200
Request body: None

Response status code: 404
Response body: {}
Response headers: {'Date': 'Wed, 27 Sep 2023 16:58:57 GMT', 'Content-Type': 'application/json; charset=utf-8', 'Content-Length': '2', 'Connection': 'keep-alive', 'X-Powered-By': 'Express', 'Access-Control-Allow-Origin': '*', 'Etag': 'W/"2-vyGp6PvFo4RvsFtPoIWeCReyIC8"', 'Via': '1.1 vegur', 'Cache-Control': 'max-age=14400', 'CF-Cache-Status': 'EXPIRED', 'Report-To': '{"endpoints":[{"url":"https:\\/\\/a.nel.cloudflare.com\\/report\\/v3?s=TSkM0iNVT%2FrLixlgEgVcw%2BQfe0NX%2Bo5P4ednwoDZS6tissMjxilB66b961fr0nuKJXscrw%2FUeq3oUtYJpfV7w9RAD%2BQQa%2Bf%2BN0oo7bUh2D%2FATIj%2FBRdfTfiE8w%3D%3D"}],"group":"cf-nel","max_age":604800}', 'NEL': '{"success_fraction":0,"report_to":"cf-nel","max_age":604800}', 'Vary': 'Accept-Encoding', 'Server': 'cloudflare', 'CF-RAY': '80d54b5e5de8164b-DME'}
Response cookies: {}

***************

Test: tests/api/negative/test_get_user_not_found_v1.py::test_user_not_found_v1[300] (call)
Time: 2023-09-27 19:58:58.616524
Request method: GET
Request URL: https://reqres.in/api/users/300
Request body: None

Response status code: 404
Response body: {}
Response headers: {'Date': 'Wed, 27 Sep 2023 16:58:58 GMT', 'Content-Type': 'application/json; charset=utf-8', 'Content-Length': '2', 'Connection': 'keep-alive', 'X-Powered-By': 'Express', 'Access-Control-Allow-Origin': '*', 'Etag': 'W/"2-vyGp6PvFo4RvsFtPoIWeCReyIC8"', 'Via': '1.1 vegur', 'Cache-Control': 'max-age=14400', 'CF-Cache-Status': 'EXPIRED', 'Report-To': '{"endpoints":[{"url":"https:\\/\\/a.nel.cloudflare.com\\/report\\/v3?s=VG7bflCMdk8xHa2Tx%2BiltEFhNWVyzArMAsMSFmvGzGoxBCfV%2Bgr6AN%2BWMRyyuaUTkJ7GBh00xpVa0nIl5h7PVm6MUnJf5gFRTlhSXdcWOXSZxJgoX%2B9W0IBF5Q%3D%3D"}],"group":"cf-nel","max_age":604800}', 'NEL': '{"success_fraction":0,"report_to":"cf-nel","max_age":604800}', 'Vary': 'Accept-Encoding', 'Server': 'cloudflare', 'CF-RAY': '80d54b5fe9199d3f-DME'}
Response cookies: {}

***************

Test: tests/api/negative/test_register_unsuccessful_v1.py::test_register_unsuccessful_v1[{"first_name": "morpheus","email": "mushroom@yandex.ru"}] (call)
Time: 2023-09-27 19:58:58.834420
Request method: POST
Request URL: https://reqres.in/api/register/
Request body: {"first_name": "morpheus","email": "mushroom@yandex.ru"}

Response status code: 400
Response body: {"error":"Missing password"}
Response headers: {'Date': 'Wed, 27 Sep 2023 16:58:58 GMT', 'Content-Type': 'application/json; charset=utf-8', 'Content-Length': '28', 'Connection': 'keep-alive', 'X-Powered-By': 'Express', 'Access-Control-Allow-Origin': '*', 'Etag': 'W/"1c-NmpazMScs9tOqR7eDEesn+pqC9Q"', 'Via': '1.1 vegur', 'CF-Cache-Status': 'DYNAMIC', 'Report-To': '{"endpoints":[{"url":"https:\\/\\/a.nel.cloudflare.com\\/report\\/v3?s=8XjIGZoSOH0kSUg8Bpc2hyVd8IacLAhgECZpKMV2J77gNBgswUFqRMYQAsWZMO0hcISGUGVn5LAR0rV5KwRM%2FTB%2BzKdt5y0Vwg8ZWCcACAhj1FDwHSpB7bFWgg%3D%3D"}],"group":"cf-nel","max_age":604800}', 'NEL': '{"success_fraction":0,"report_to":"cf-nel","max_age":604800}', 'Server': 'cloudflare', 'CF-RAY': '80d54b619d959dab-DME'}
Response cookies: {}

***************

Test: tests/api/negative/test_register_unsuccessful_v1.py::test_register_unsuccessful_v1[{"first_name": "Testers","email": "mus@hr.oom"}] (call)
Time: 2023-09-27 19:58:59.076301
Request method: POST
Request URL: https://reqres.in/api/register/
Request body: {"first_name": "Testers","email": "mus@hr.oom"}

Response status code: 400
Response body: {"error":"Missing password"}
Response headers: {'Date': 'Wed, 27 Sep 2023 16:58:58 GMT', 'Content-Type': 'application/json; charset=utf-8', 'Content-Length': '28', 'Connection': 'keep-alive', 'X-Powered-By': 'Express', 'Access-Control-Allow-Origin': '*', 'Etag': 'W/"1c-NmpazMScs9tOqR7eDEesn+pqC9Q"', 'Via': '1.1 vegur', 'CF-Cache-Status': 'DYNAMIC', 'Report-To': '{"endpoints":[{"url":"https:\\/\\/a.nel.cloudflare.com\\/report\\/v3?s=%2FVHUMstbwGgtb%2FAAmsVyenNsSEflCVzVtO24NNnXHIr4ckrysk8G3pH3vp%2BPGCW9ur6dhy%2FgBHnAp2AXqVbZESSqBoPwMrURDTisVNsMzbhzJlfIFWh9NebJxQ%3D%3D"}],"group":"cf-nel","max_age":604800}', 'NEL': '{"success_fraction":0,"report_to":"cf-nel","max_age":604800}', 'Server': 'cloudflare', 'CF-RAY': '80d54b630a189d52-DME'}
Response cookies: {}

***************

Test: tests/api/negative/test_resource_not_found_v1.py::test_resource_not_found_v1[22] (call)
Time: 2023-09-27 19:58:59.360664
Request method: GET
Request URL: https://reqres.in/api/unknown/22
Request body: None

Response status code: 404
Response body: {}
Response headers: {'Date': 'Wed, 27 Sep 2023 16:58:58 GMT', 'Content-Type': 'application/json; charset=utf-8', 'Content-Length': '2', 'Connection': 'keep-alive', 'X-Powered-By': 'Express', 'Access-Control-Allow-Origin': '*', 'Etag': 'W/"2-vyGp6PvFo4RvsFtPoIWeCReyIC8"', 'Via': '1.1 vegur', 'Cache-Control': 'max-age=14400', 'CF-Cache-Status': 'EXPIRED', 'Report-To': '{"endpoints":[{"url":"https:\\/\\/a.nel.cloudflare.com\\/report\\/v3?s=eZDxnVaUuFBe2Gv7HMLaFjYoXaJvSGGrE3673ScQEr2HV8aMgmY7jqUWiIdzqwvfDhPywINTgJDMFUGVyuDJvjm8RtLmJod9dsK01F1pO1oRyLnAjWUidO1GWg%3D%3D"}],"group":"cf-nel","max_age":604800}', 'NEL': '{"success_fraction":0,"report_to":"cf-nel","max_age":604800}', 'Vary': 'Accept-Encoding', 'Server': 'cloudflare', 'CF-RAY': '80d54b648d3d9d6a-DME'}
Response cookies: {}

***************

Test: tests/api/negative/test_resource_not_found_v1.py::test_resource_not_found_v1[33] (call)
Time: 2023-09-27 19:58:59.592051
Request method: GET
Request URL: https://reqres.in/api/unknown/33
Request body: None

Response status code: 404
Response body: {}
Response headers: {'Date': 'Wed, 27 Sep 2023 16:58:59 GMT', 'Content-Type': 'application/json; charset=utf-8', 'Content-Length': '2', 'Connection': 'keep-alive', 'X-Powered-By': 'Express', 'Access-Control-Allow-Origin': '*', 'Etag': 'W/"2-vyGp6PvFo4RvsFtPoIWeCReyIC8"', 'Via': '1.1 vegur', 'Cache-Control': 'max-age=14400', 'CF-Cache-Status': 'EXPIRED', 'Report-To': '{"endpoints":[{"url":"https:\\/\\/a.nel.cloudflare.com\\/report\\/v3?s=GZYqU2CjawMlwMXpdXSVPQab69MU2trFpcwl6bzpGtqMXwlarfkcpP%2BQkC4Tjw3EhmNoYQHjg%2FJ5BcccySk8Q9r81e3ts3tzjNrUvxqoO8Ur1uLx4udxW0gX%2Fw%3D%3D"}],"group":"cf-nel","max_age":604800}', 'NEL': '{"success_fraction":0,"report_to":"cf-nel","max_age":604800}', 'Vary': 'Accept-Encoding', 'Server': 'cloudflare', 'CF-RAY': '80d54b66384b5aae-DME'}
Response cookies: {}

***************

Test: tests/api/positive/test_create_new_user_v1.py::test_new_user_v1[{"first_name": "morpheus","email": "mushroom@yandex.ru"}] (call)
Time: 2023-09-27 19:58:59.809247
Request method: POST
Request URL: https://reqres.in/api/users/
Request body: {"first_name": "morpheus","email": "mushroom@yandex.ru"}

Response status code: 201
Response body: {"first_name":"morpheus","email":"mushroom@yandex.ru","id":"11","createdAt":"2023-09-27T16:58:59.261Z"}
Response headers: {'Date': 'Wed, 27 Sep 2023 16:58:59 GMT', 'Content-Type': 'application/json; charset=utf-8', 'Content-Length': '103', 'Connection': 'keep-alive', 'X-Powered-By': 'Express', 'Access-Control-Allow-Origin': '*', 'Etag': 'W/"67-OO/+47UaoMz3m8/0LIBaCn/GXSQ"', 'Via': '1.1 vegur', 'CF-Cache-Status': 'DYNAMIC', 'Report-To': '{"endpoints":[{"url":"https:\\/\\/a.nel.cloudflare.com\\/report\\/v3?s=haPUxoC6cuYFPqEzdn40OIRNd5AAQruCymgZmaAIrnNBAFzeo%2F%2BtTuHWvepoNHxu28Sy0C0vNVuixFjtzBg1aN1bNoXhtauuOcn%2BlfM%2FCnr2zBHvL1ySRbjy7A%3D%3D"}],"group":"cf-nel","max_age":604800}', 'NEL': '{"success_fraction":0,"report_to":"cf-nel","max_age":604800}', 'Server': 'cloudflare', 'CF-RAY': '80d54b67addb1646-DME'}
Response cookies: {}

***************

Test: tests/api/positive/test_create_new_user_v1.py::test_new_user_v1[{"first_name": "Testers","email": "mus@hr.oom"}] (call)
Time: 2023-09-27 19:59:00.059709
Request method: POST
Request URL: https://reqres.in/api/users/
Request body: {"first_name": "Testers","email": "mus@hr.oom"}

Response status code: 201
Response body: {"first_name":"Testers","email":"mus@hr.oom","id":"786","createdAt":"2023-09-27T16:58:59.508Z"}
Response headers: {'Date': 'Wed, 27 Sep 2023 16:58:59 GMT', 'Content-Type': 'application/json; charset=utf-8', 'Content-Length': '95', 'Connection': 'keep-alive', 'X-Powered-By': 'Express', 'Access-Control-Allow-Origin': '*', 'Etag': 'W/"5f-Z4Ba0SZKTcN82JqkxqKgizKpNYg"', 'Via': '1.1 vegur', 'CF-Cache-Status': 'DYNAMIC', 'Report-To': '{"endpoints":[{"url":"https:\\/\\/a.nel.cloudflare.com\\/report\\/v3?s=baRawmxglTXbe2yiSiz%2FI6QDHS4y9pXKrWcKi%2BW04oTSD3byu2YcQVQMN17EO9%2FDTo2yLKx%2FlTFsROWhRIP8NMVIVBjvjNV7sp1VdVFGRnwBun7z%2FD%2F8oT5Gpw%3D%3D"}],"group":"cf-nel","max_age":604800}', 'NEL': '{"success_fraction":0,"report_to":"cf-nel","max_age":604800}', 'Server': 'cloudflare', 'CF-RAY': '80d54b690c1c3a71-DME'}
Response cookies: {}

***************

Test: tests/api/positive/test_delete_user_v1.py::test_delete_user_v1[20] (call)
Time: 2023-09-27 19:59:00.261934
Request method: DELETE
Request URL: https://reqres.in/api/users/20
Request body: None

Response status code: 204
Response body: 
Response headers: {'Date': 'Wed, 27 Sep 2023 16:58:59 GMT', 'Content-Length': '0', 'Connection': 'keep-alive', 'X-Powered-By': 'Express', 'Access-Control-Allow-Origin': '*', 'Etag': 'W/"2-vyGp6PvFo4RvsFtPoIWeCReyIC8"', 'Via': '1.1 vegur', 'CF-Cache-Status': 'DYNAMIC', 'Report-To': '{"endpoints":[{"url":"https:\\/\\/a.nel.cloudflare.com\\/report\\/v3?s=JY4IHqysYm6wz5bBToxyR%2BjaamuwcDjyWhVpLm33HvxP6bnnEovCjAFTOog3ek4K5v9DYvIHbqx6PHOZUCxJI3CcUjCfZv%2FXPiHC7U%2FUgeY0Y5V05J2pFDRTWA%3D%3D"}],"group":"cf-nel","max_age":604800}', 'NEL': '{"success_fraction":0,"report_to":"cf-nel","max_age":604800}', 'Server': 'cloudflare', 'CF-RAY': '80d54b6a9c0b9da5-DME'}
Response cookies: {}

***************

Test: tests/api/positive/test_delete_user_v1.py::test_delete_user_v1[32] (call)
Time: 2023-09-27 19:59:00.462724
Request method: DELETE
Request URL: https://reqres.in/api/users/32
Request body: None

Response status code: 204
Response body: 
Response headers: {'Date': 'Wed, 27 Sep 2023 16:58:59 GMT', 'Content-Length': '0', 'Connection': 'keep-alive', 'X-Powered-By': 'Express', 'Access-Control-Allow-Origin': '*', 'Etag': 'W/"2-vyGp6PvFo4RvsFtPoIWeCReyIC8"', 'Via': '1.1 vegur', 'CF-Cache-Status': 'DYNAMIC', 'Report-To': '{"endpoints":[{"url":"https:\\/\\/a.nel.cloudflare.com\\/report\\/v3?s=rJYGiKwCfh9Ahm8km4ptXCBntMxTOt6pkWTxFlG7Tg686nvGNE8NesomisuPDLj6berQob9YVgScBv1RddTFbqTzNCLyCusZkTnzeUfekqjvwKW6LELTyIKr%2Fg%3D%3D"}],"group":"cf-nel","max_age":604800}', 'NEL': '{"success_fraction":0,"report_to":"cf-nel","max_age":604800}', 'Server': 'cloudflare', 'CF-RAY': '80d54b6bd9aa9db4-DME'}
Response cookies: {}

***************

Test: tests/api/positive/test_get_single_user_v1.py::test_single_user_v1[2] (call)
Time: 2023-09-27 19:59:00.567509
Request method: GET
Request URL: https://reqres.in/api/users/2
Request body: None

Response status code: 200
Response body: {"data":{"id":2,"email":"janet.weaver@reqres.in","first_name":"Janet","last_name":"Weaver","avatar":"https://reqres.in/img/faces/2-image.jpg"},"support":{"url":"https://reqres.in/#support-heading","text":"To keep ReqRes free, contributions towards server costs are appreciated!"}}
Response headers: {'Date': 'Wed, 27 Sep 2023 16:59:00 GMT', 'Content-Type': 'application/json; charset=utf-8', 'Transfer-Encoding': 'chunked', 'Connection': 'keep-alive', 'X-Powered-By': 'Express', 'Access-Control-Allow-Origin': '*', 'Etag': 'W/"118-pbdwwFo9SKNhD3Lx5iHJyngpq00"', 'Via': '1.1 vegur', 'Cache-Control': 'max-age=14400', 'CF-Cache-Status': 'HIT', 'Age': '5780', 'Report-To': '{"endpoints":[{"url":"https:\\/\\/a.nel.cloudflare.com\\/report\\/v3?s=p5ZuO5iVSD7Z%2Bo162aZn27fD7U78pRmrvALNqPIgcasbStrlr6EnAtIqo%2B94k7fEuYfawO3tLJnOZ7m%2B9MS%2FefTCQioqv0hQf%2FXcFKHOrJ5RExgSgq%2BJE9RasA%3D%3D"}],"group":"cf-nel","max_age":604800}', 'NEL': '{"success_fraction":0,"report_to":"cf-nel","max_age":604800}', 'Vary': 'Accept-Encoding', 'Server': 'cloudflare', 'CF-RAY': '80d54b6d2c6a009d-DME', 'Content-Encoding': 'gzip'}
Response cookies: {}

***************

Test: tests/api/positive/test_get_single_user_v1.py::test_single_user_v1[3] (call)
Time: 2023-09-27 19:59:00.779784
Request method: GET
Request URL: https://reqres.in/api/users/3
Request body: None

Response status code: 200
Response body: {"data":{"id":3,"email":"emma.wong@reqres.in","first_name":"Emma","last_name":"Wong","avatar":"https://reqres.in/img/faces/3-image.jpg"},"support":{"url":"https://reqres.in/#support-heading","text":"To keep ReqRes free, contributions towards server costs are appreciated!"}}
Response headers: {'Date': 'Wed, 27 Sep 2023 16:59:00 GMT', 'Content-Type': 'application/json; charset=utf-8', 'Transfer-Encoding': 'chunked', 'Connection': 'keep-alive', 'X-Powered-By': 'Express', 'Access-Control-Allow-Origin': '*', 'Etag': 'W/"112-EeInfgHWtnxhYRnwgZUB667e024"', 'Via': '1.1 vegur', 'Cache-Control': 'max-age=14400', 'CF-Cache-Status': 'REVALIDATED', 'Report-To': '{"endpoints":[{"url":"https:\\/\\/a.nel.cloudflare.com\\/report\\/v3?s=pl3sgLl0w7Q5pu0i3Oz4wAyDP6xKbVsg%2F6LCwkzj1oEsEpH0YyWVVFcHmo%2BcYb1v2KiJd5F9UJz9nHi2BSj%2F0%2FQftX18bwFnhID8Kp0QoGJK%2B53FYTFQVJvbAQ%3D%3D"}],"group":"cf-nel","max_age":604800}', 'NEL': '{"success_fraction":0,"report_to":"cf-nel","max_age":604800}', 'Vary': 'Accept-Encoding', 'Server': 'cloudflare', 'CF-RAY': '80d54b6dbe5216cb-DME', 'Content-Encoding': 'gzip'}
Response cookies: {}
